e:\workspace\3dworks\osgearthmfc\osgearthmfc\x64\release\osgearthmfc.pch
e:\workspace\3dworks\osgearthmfc\osgearthmfc\x64\release\vc120.pdb
e:\workspace\3dworks\osgearthmfc\osgearthmfc\x64\release\stdafx.obj
e:\workspace\3dworks\osgearthmfc\osgearthmfc\x64\release\osgearthmfcview.obj
e:\workspace\3dworks\osgearthmfc\osgearthmfc\x64\release\osgearthmfcdoc.obj
e:\workspace\3dworks\osgearthmfc\osgearthmfc\x64\release\osgearthmfc.obj
e:\workspace\3dworks\osgearthmfc\osgearthmfc\x64\release\mainfrm.obj
e:\workspace\3dworks\osgearthmfc\osgearthmfc\x64\release\osgframe.obj
e:\workspace\3dworks\osgearthmfc\osgearthmfc\x64\release\shpfeatureload.obj
e:\workspace\3dworks\osgearthmfc\x64\release\osgearthmfc.exe
e:\workspace\3dworks\osgearthmfc\x64\release\osgearthmfc.pdb
e:\workspace\3dworks\osgearthmfc\osgearthmfc\x64\release\osgearthmfc.res
e:\workspace\3dworks\osgearthmfc\osgearthmfc\x64\release\osgearthmfc.tlog\cl.command.1.tlog
e:\workspace\3dworks\osgearthmfc\osgearthmfc\x64\release\osgearthmfc.tlog\cl.read.1.tlog
e:\workspace\3dworks\osgearthmfc\osgearthmfc\x64\release\osgearthmfc.tlog\cl.write.1.tlog
e:\workspace\3dworks\osgearthmfc\osgearthmfc\x64\release\osgearthmfc.tlog\link.command.1.tlog
e:\workspace\3dworks\osgearthmfc\osgearthmfc\x64\release\osgearthmfc.tlog\link.read.1.tlog
e:\workspace\3dworks\osgearthmfc\osgearthmfc\x64\release\osgearthmfc.tlog\link.write.1.tlog
e:\workspace\3dworks\osgearthmfc\osgearthmfc\x64\release\osgearthmfc.tlog\rc.command.1.tlog
e:\workspace\3dworks\osgearthmfc\osgearthmfc\x64\release\osgearthmfc.tlog\rc.read.1.tlog
e:\workspace\3dworks\osgearthmfc\osgearthmfc\x64\release\osgearthmfc.tlog\rc.write.1.tlog
